<?xml version="1.0" encoding="UTF-8" standalone="yes"?>
<persistence version="2.2"
	xmlns="http://xmlns.jcp.org/xml/ns/persistence"
	xmlns:xsi="http://www.w3.org/2001/XMLSchema-instance"
	xsi:schemaLocation="http://xmlns.jcp.org/xml/ns/persistence
        http://xmlns.jcp.org/xml/ns/persistence/persistence_2_2.xsd">
	<persistence-unit name="actionbazaar" transaction-type="JTA">  
      <!--  <jta-data-source>jdbc/arquillian</jta-data-source> -->
      <jta-data-source>java:jboss/datasources/ExampleDS</jta-data-source>
      <exclude-unlisted-classes>false</exclude-unlisted-classes>
      <properties>
         <property name="javax.persistence.schema-generation.database.action" value="drop-and-create"/>
         <property name="javax.persistence.schema-generation.create-source" value="metadata"/>
         <property name="javax.persistence.schema-generation.drop-source" value="metadata"/>
         <!-- Properties for Hibernate -->
         <property name="hibernate.show_sql" value="true" />
         
         <!-- Legacy Hibernate behavior was to ignore the @DiscriminatorColumn.  However, as part of issue HHH-6911 we now apply the explicit @DiscriminatorColumn -->
         <property name = "hibernate.discriminator.ignore_explicit_for_joined" value = "false" />
      </properties>
   </persistence-unit>
</persistence>