<?xml version="1.0" encoding="UTF-8" standalone="yes"?>
<persistence version="2.2"
	xmlns="http://xmlns.jcp.org/xml/ns/persistence"
	xmlns:xsi="http://www.w3.org/2001/XMLSchema-instance"
	xsi:schemaLocation="http://xmlns.jcp.org/xml/ns/persistence
        http://xmlns.jcp.org/xml/ns/persistence/persistence_2_2.xsd">
	<persistence-unit name="users" transaction-type="JTA">
<!--       <provider>org.hibernate.ejb.HibernatePersistence</provider> -->
<!--       <jta-data-source>jdbc/chapter2</jta-data-source> -->
      <provider>org.hibernate.jpa.HibernatePersistenceProvider</provider>
<!--       <jta-data-source>java:app/userDb</jta-data-source> -->
      <jta-data-source>java:jboss/datasources/ExampleDS</jta-data-source>
      <exclude-unlisted-classes>false</exclude-unlisted-classes>
      <properties>
         <property name="javax.persistence.schema-generation.database.action" value="drop-and-create"/>
         <property name="javax.persistence.schema-generation.create-source" value="metadata"/>
         <property name="javax.persistence.schema-generation.drop-source" value="metadata"/>
         <!-- Properties for Hibernate -->
         <property name="hibernate.show_sql" value="true" />
      </properties>
   </persistence-unit>
</persistence>